<?xml version="1.0" encoding="UTF-8"?>
<!-- Generated by org.testng.reporters.JUnitXMLReporter -->
<testsuite ignored="2" hostname="LAPTOP-J1RFS02R" failures="0" tests="1" name="Default test" time="7.163" errors="0" timestamp="2025-12-15T21:59:27 IST">
  <testcase classname="com.scenarios.ScrollWebPage" name="scrolltoBottom" time="4.094"/>
  <testcase classname="com.scenarios.ScrollWebPage" name="scrollByPixel" time="0.0">
    <ignored/>
  </testcase> <!-- scrollByPixel -->
  <testcase classname="com.scenarios.ScrollWebPage" name="scrollByElement" time="0.0">
    <ignored/>
  </testcase> <!-- scrollByElement -->
</testsuite> <!-- Default test -->
