<?xml version="1.0" encoding="UTF-8"?>
<testng-results ignored="2" total="3" passed="1" failed="0" skipped="0">
  <reporter-output>
  </reporter-output>
  <suite started-at="2025-12-15T21:59:20 IST" name="Default suite" finished-at="2025-12-15T21:59:27 IST" duration-ms="7163">
    <groups>
    </groups>
    <test started-at="2025-12-15T21:59:20 IST" name="Default test" finished-at="2025-12-15T21:59:27 IST" duration-ms="7163">
      <class name="com.scenarios.ScrollWebPage">
        <test-method is-config="true" signature="setup()[pri:0, instance:com.scenarios.ScrollWebPage@45752059]" started-at="2025-12-15T21:59:20 IST" name="setup" finished-at="2025-12-15T21:59:22 IST" duration-ms="2794" status="PASS">
          <reporter-output>
          </reporter-output>
        </test-method> <!-- setup -->
        <test-method signature="scrolltoBottom()[pri:0, instance:com.scenarios.ScrollWebPage@45752059]" started-at="2025-12-15T21:59:22 IST" name="scrolltoBottom" finished-at="2025-12-15T21:59:27 IST" duration-ms="4094" status="PASS">
          <reporter-output>
          </reporter-output>
        </test-method> <!-- scrolltoBottom -->
        <test-method is-config="true" signature="teardown()[pri:0, instance:com.scenarios.ScrollWebPage@45752059]" started-at="2025-12-15T21:59:27 IST" name="teardown" finished-at="2025-12-15T21:59:27 IST" duration-ms="231" status="PASS">
          <reporter-output>
          </reporter-output>
        </test-method> <!-- teardown -->
      </class> <!-- com.scenarios.ScrollWebPage -->
    </test> <!-- Default test -->
  </suite> <!-- Default suite -->
</testng-results>
